<?xml version="1.0" encoding="UTF-8"?>
<!-- Generated by org.testng.reporters.JUnitReportReporter -->
<testsuite skipped="0" hostname="DESKTOP-6BHR4HM" name="com.qa.test.GetAPITest" tests="2" failures="0" timestamp="2020-07-02T22:25:05 IST" time="1.958" errors="0">
  <testcase name="getAPItestWithoutHeaders" time="1.322" classname="com.qa.test.GetAPITest"/>
  <testcase name="getAPItestWithHeaders" time="0.636" classname="com.qa.test.GetAPITest"/>
</testsuite> <!-- com.qa.test.GetAPITest -->
