<?xml version="1.0" encoding="UTF-8"?>
<!-- Generated by org.testng.reporters.JUnitReportReporter -->
<testsuite skipped="0" hostname="DESKTOP-6BHR4HM" name="com.qa.test.Test" tests="1" failures="0" timestamp="2020-06-29T21:56:23 IST" time="1.411" errors="0">
  <testcase name="getAPItest" time="1.411" classname="com.qa.test.Test"/>
</testsuite> <!-- com.qa.test.Test -->
