<?xml version="1.0" encoding="UTF-8"?>
<!-- Generated by org.testng.reporters.JUnitReportReporter -->
<testsuite skipped="0" hostname="DESKTOP-6BHR4HM" name="com.qa.test.PostAPITest" tests="1" failures="0" timestamp="2020-07-02T23:18:17 IST" time="1.925" errors="0">
  <testcase name="postCall" time="1.925" classname="com.qa.test.PostAPITest"/>
</testsuite> <!-- com.qa.test.PostAPITest -->
