<?xml version="1.0" encoding="UTF-8"?>
<!-- Generated by org.testng.reporters.JUnitReportReporter -->
<testsuite skipped="0" hostname="DESKTOP-6BHR4HM" name="com.qa.test.Test" tests="2" failures="0" timestamp="2020-07-01T23:17:42 IST" time="2.710" errors="0">
  <testcase name="getAPItestWithoutHeaders" time="1.821" classname="com.qa.test.Test"/>
  <testcase name="getAPItestWithHeaders" time="0.889" classname="com.qa.test.Test"/>
</testsuite> <!-- com.qa.test.Test -->
